<?xml version="1.0" encoding="UTF-8"?>
<!-- Generated by org.testng.reporters.JUnitXMLReporter -->
<testsuite ignored="0" hostname="ASCINLAP61447" failures="0" tests="5" name="Test" time="263.333" errors="0" timestamp="2025-10-27T12:25:46 IST">
  <testcase classname="com.fry.test.SnapdealEndToEndCombinedTest" name="loginWithOTP" time="55.53"/>
  <testcase classname="com.fry.test.SnapdealEndToEndCombinedTest" name="addBluetoothSpeakerToCart" time="83.108"/>
  <testcase classname="com.fry.test.SnapdealEndToEndCombinedTest" name="addSportsShoesToCart" time="79.197"/>
  <testcase classname="com.fry.test.SnapdealEndToEndCombinedTest" name="verifyCartIsEmpty" time="25.312"/>
  <testcase classname="com.fry.test.SnapdealEndToEndCombinedTest" name="logout" time="3.969"/>
</testsuite> <!-- Test -->
