<?xml version="1.0" encoding="UTF-8"?>
<!-- Generated by org.testng.reporters.JUnitXMLReporter -->
<testsuite ignored="0" hostname="ASCINLAP61447" failures="0" tests="5" name="Default test" time="206.894" errors="0" timestamp="2025-10-27T12:17:03 IST">
  <testcase classname="com.fry.test.SnapdealEndToEndCombinedTest" name="loginWithOTP" time="64.377"/>
  <testcase classname="com.fry.test.SnapdealEndToEndCombinedTest" name="addBluetoothSpeakerToCart" time="56.942"/>
  <testcase classname="com.fry.test.SnapdealEndToEndCombinedTest" name="addSportsShoesToCart" time="50.887"/>
  <testcase classname="com.fry.test.SnapdealEndToEndCombinedTest" name="verifyCartIsEmpty" time="13.154"/>
  <testcase classname="com.fry.test.SnapdealEndToEndCombinedTest" name="logout" time="8.662"/>
</testsuite> <!-- Default test -->
