<?xml version="1.0" encoding="UTF-8"?>
<!-- Generated by org.testng.reporters.JUnitReportReporter -->
<testsuite hostname="ASCINLAP61447" failures="0" tests="5" name="com.fry.test.SnapdealEndToEndCombinedTest" time="263.288" errors="0" timestamp="2025-10-27T12:25:47 IST" skipped="0">
  <testcase classname="com.fry.test.SnapdealEndToEndCombinedTest" name="loginWithOTP" time="58.438"/>
  <testcase classname="com.fry.test.SnapdealEndToEndCombinedTest" name="addBluetoothSpeakerToCart" time="86.314"/>
  <testcase classname="com.fry.test.SnapdealEndToEndCombinedTest" name="addSportsShoesToCart" time="83.048"/>
  <testcase classname="com.fry.test.SnapdealEndToEndCombinedTest" name="verifyCartIsEmpty" time="27.509"/>
  <testcase classname="com.fry.test.SnapdealEndToEndCombinedTest" name="logout" time="7.979"/>
</testsuite> <!-- com.fry.test.SnapdealEndToEndCombinedTest -->
