<?xml version="1.0" encoding="UTF-8"?>
<testng-results ignored="0" total="5" passed="5" failed="0" skipped="0">
  <reporter-output>
  </reporter-output>
  <suite started-at="2025-10-27T12:21:22 IST" name="Suite" finished-at="2025-10-27T12:25:46 IST" duration-ms="263333">
    <groups>
    </groups>
    <test started-at="2025-10-27T12:21:22 IST" name="Test" finished-at="2025-10-27T12:25:46 IST" duration-ms="263333">
      <class name="com.fry.test.SnapdealEndToEndCombinedTest">
        <test-method is-config="true" signature="setupreport()[pri:0, instance:com.fry.test.SnapdealEndToEndCombinedTest@24313fcc]" started-at="2025-10-27T12:21:22 IST" name="setupreport" finished-at="2025-10-27T12:21:22 IST" duration-ms="180" status="PASS">
          <reporter-output>
          </reporter-output>
        </test-method> <!-- setupreport -->
        <test-method is-config="true" signature="setup()[pri:0, instance:com.fry.test.SnapdealEndToEndCombinedTest@24313fcc]" started-at="2025-10-27T12:21:22 IST" name="setup" finished-at="2025-10-27T12:21:25 IST" duration-ms="2158" status="PASS">
          <reporter-output>
          </reporter-output>
        </test-method> <!-- setup -->
        <test-method signature="loginWithOTP()[pri:1, instance:com.fry.test.SnapdealEndToEndCombinedTest@24313fcc]" started-at="2025-10-27T12:21:25 IST" name="loginWithOTP" finished-at="2025-10-27T12:22:20 IST" duration-ms="55530" status="PASS">
          <reporter-output>
          </reporter-output>
        </test-method> <!-- loginWithOTP -->
        <test-method is-config="true" signature="teardown()[pri:0, instance:com.fry.test.SnapdealEndToEndCombinedTest@24313fcc]" started-at="2025-10-27T12:22:20 IST" name="teardown" finished-at="2025-10-27T12:22:22 IST" duration-ms="1790" status="PASS">
          <reporter-output>
          </reporter-output>
        </test-method> <!-- teardown -->
        <test-method is-config="true" signature="setup()[pri:0, instance:com.fry.test.SnapdealEndToEndCombinedTest@24313fcc]" started-at="2025-10-27T12:22:22 IST" name="setup" finished-at="2025-10-27T12:22:23 IST" duration-ms="895" status="PASS">
          <reporter-output>
          </reporter-output>
        </test-method> <!-- setup -->
        <test-method signature="addBluetoothSpeakerToCart()[pri:2, instance:com.fry.test.SnapdealEndToEndCombinedTest@24313fcc]" started-at="2025-10-27T12:22:23 IST" name="addBluetoothSpeakerToCart" finished-at="2025-10-27T12:23:46 IST" duration-ms="83108" status="PASS">
          <reporter-output>
          </reporter-output>
        </test-method> <!-- addBluetoothSpeakerToCart -->
        <test-method is-config="true" signature="teardown()[pri:0, instance:com.fry.test.SnapdealEndToEndCombinedTest@24313fcc]" started-at="2025-10-27T12:23:46 IST" name="teardown" finished-at="2025-10-27T12:23:48 IST" duration-ms="1855" status="PASS">
          <reporter-output>
          </reporter-output>
        </test-method> <!-- teardown -->
        <test-method is-config="true" signature="setup()[pri:0, instance:com.fry.test.SnapdealEndToEndCombinedTest@24313fcc]" started-at="2025-10-27T12:23:48 IST" name="setup" finished-at="2025-10-27T12:23:49 IST" duration-ms="1053" status="PASS">
          <reporter-output>
          </reporter-output>
        </test-method> <!-- setup -->
        <test-method signature="addSportsShoesToCart()[pri:3, instance:com.fry.test.SnapdealEndToEndCombinedTest@24313fcc]" started-at="2025-10-27T12:23:49 IST" name="addSportsShoesToCart" finished-at="2025-10-27T12:25:08 IST" duration-ms="79197" status="PASS">
          <reporter-output>
          </reporter-output>
        </test-method> <!-- addSportsShoesToCart -->
        <test-method is-config="true" signature="teardown()[pri:0, instance:com.fry.test.SnapdealEndToEndCombinedTest@24313fcc]" started-at="2025-10-27T12:25:08 IST" name="teardown" finished-at="2025-10-27T12:25:08 IST" duration-ms="39" status="PASS">
          <reporter-output>
          </reporter-output>
        </test-method> <!-- teardown -->
        <test-method is-config="true" signature="setup()[pri:0, instance:com.fry.test.SnapdealEndToEndCombinedTest@24313fcc]" started-at="2025-10-27T12:25:08 IST" name="setup" finished-at="2025-10-27T12:25:10 IST" duration-ms="2220" status="PASS">
          <reporter-output>
          </reporter-output>
        </test-method> <!-- setup -->
        <test-method signature="verifyCartIsEmpty()[pri:4, instance:com.fry.test.SnapdealEndToEndCombinedTest@24313fcc]" started-at="2025-10-27T12:25:10 IST" name="verifyCartIsEmpty" finished-at="2025-10-27T12:25:36 IST" duration-ms="25312" status="PASS">
          <reporter-output>
          </reporter-output>
        </test-method> <!-- verifyCartIsEmpty -->
        <test-method is-config="true" signature="teardown()[pri:0, instance:com.fry.test.SnapdealEndToEndCombinedTest@24313fcc]" started-at="2025-10-27T12:25:36 IST" name="teardown" finished-at="2025-10-27T12:25:38 IST" duration-ms="2311" status="PASS">
          <reporter-output>
          </reporter-output>
        </test-method> <!-- teardown -->
        <test-method is-config="true" signature="setup()[pri:0, instance:com.fry.test.SnapdealEndToEndCombinedTest@24313fcc]" started-at="2025-10-27T12:25:38 IST" name="setup" finished-at="2025-10-27T12:25:40 IST" duration-ms="1850" status="PASS">
          <reporter-output>
          </reporter-output>
        </test-method> <!-- setup -->
        <test-method signature="logout()[pri:5, instance:com.fry.test.SnapdealEndToEndCombinedTest@24313fcc]" started-at="2025-10-27T12:25:40 IST" name="logout" finished-at="2025-10-27T12:25:44 IST" duration-ms="3969" status="PASS">
          <reporter-output>
          </reporter-output>
        </test-method> <!-- logout -->
        <test-method is-config="true" signature="teardown()[pri:0, instance:com.fry.test.SnapdealEndToEndCombinedTest@24313fcc]" started-at="2025-10-27T12:25:44 IST" name="teardown" finished-at="2025-10-27T12:25:46 IST" duration-ms="2001" status="PASS">
          <reporter-output>
          </reporter-output>
        </test-method> <!-- teardown -->
        <test-method is-config="true" signature="flushreport()[pri:0, instance:com.fry.test.SnapdealEndToEndCombinedTest@24313fcc]" started-at="2025-10-27T12:25:46 IST" name="flushreport" finished-at="2025-10-27T12:25:46 IST" duration-ms="593" status="PASS">
          <reporter-output>
          </reporter-output>
        </test-method> <!-- flushreport -->
      </class> <!-- com.fry.test.SnapdealEndToEndCombinedTest -->
    </test> <!-- Test -->
  </suite> <!-- Suite -->
</testng-results>
